Arguments: 
  /usr/local/bin/node /usr/local/Cellar/yarn/1.22.19/libexec/bin/yarn.js

PATH: 
  /usr/local/bin:/usr/local/sbin:/usr/local/bin:/usr/bin:/bin:/usr/sbin:/sbin:/usr/local/sbin

Yarn version: 
  1.22.19

Node version: 
  18.16.0

Platform: 
  darwin x64

Trace: 
  SyntaxError: /Users/zestgeek-21/Desktop/AndyWebAppBackend/package.json: Unexpected token ' in JSON at position 443
      at JSON.parse (<anonymous>)
      at /usr/local/Cellar/yarn/1.22.19/libexec/lib/cli.js:1629:59
      at Generator.next (<anonymous>)
      at step (/usr/local/Cellar/yarn/1.22.19/libexec/lib/cli.js:310:30)
      at /usr/local/Cellar/yarn/1.22.19/libexec/lib/cli.js:321:13

npm manifest: 
  {
    "scripts": {
      "start": "nodemon ./server.js",
      "dev": "nodemon ./server.js",
      "lint": "eslint .",
      "lint:fix": "eslint . --fix"
    },
    "dependencies": {
      "circular-json": "^0.5.9",
      "cors": "^2.8.5",
      "dotenv": "^16.3.1",
      "express": "^4.18.2",
      "joi": "^17.9.2",
      "jsonwebtoken": "^9.0.0",
      "mongoose": "^7.3.1",
      "nodemailer": "^6.9.3",
      "nodemon": "^2.0.22",
      "yarn": "^1.22.19"
    },
    "name": 'AndyWebAppBackend',
    "version": "1.0.0",
    "main": "server.js",
    "license": "MIT",
    "devDependencies": {
      "eslint": ">=5.16.0",
      "eslint-config-google": "^0.14.0"
    }
  }

yarn manifest: 
  No manifest

Lockfile: 
  No lockfile
